<?xml version="1.0" encoding="UTF-8"?>
<!-- Generated by org.testng.reporters.JUnitReportReporter -->
<testsuite hostname="Chandhu" name="SonicWall.Test.AwinningPartnership_Test" tests="4" failures="0" timestamp="21 May 2017 18:51:15 GMT" time="128.172" errors="0">
  <testcase name="HomePage_Available_Resources_Checking" time="53.256" classname="SonicWall.Test.AwinningPartnership_Test"/>
  <testcase name="AWP_ToolBar_Checking" time="29.979" classname="SonicWall.Test.AwinningPartnership_Test"/>
  <testcase name="AWP_Register_Form_Checking" time="20.217" classname="SonicWall.Test.AwinningPartnership_Test"/>
  <testcase name="AWP_PartnerLogin_Checking" time="24.720" classname="SonicWall.Test.AwinningPartnership_Test"/>
</testsuite> <!-- SonicWall.Test.AwinningPartnership_Test -->
