<?xml version="1.0" encoding="UTF-8"?>
<!-- Generated by org.testng.reporters.JUnitReportReporter -->
<testsuite hostname="Chandhu" name="SonicWall.Test.HomepageTest1" tests="6" failures="0" timestamp="21 May 2017 20:43:21 GMT" time="295.262" errors="0">
  <testcase name="HomePage_AWARDS_Image_Checking" time="19.315" classname="SonicWall.Test.HomepageTest1"/>
  <testcase name="HomePage_Recent_Posts_Checking" time="51.925" classname="SonicWall.Test.HomepageTest1"/>
  <testcase name="HomePage_MAIN_SearchButton_Checking" time="14.898" classname="SonicWall.Test.HomepageTest1"/>
  <testcase name="HomePage_Form_SearchButton_Checking" time="12.302" classname="SonicWall.Test.HomepageTest1"/>
  <testcase name="HomePage_Categories_Checking" time="127.556" classname="SonicWall.Test.HomepageTest1"/>
  <testcase name="HomePage_MAIN_Checking" time="69.266" classname="SonicWall.Test.HomepageTest1"/>
</testsuite> <!-- SonicWall.Test.HomepageTest1 -->
